{"numTotalTestSuites":6,"numPassedTestSuites":6,"numFailedTestSuites":0,"numPendingTestSuites":0,"numTotalTests":11,"numPassedTests":11,"numFailedTests":0,"numPendingTests":0,"numTodoTests":0,"snapshot":{"added":0,"failure":false,"filesAdded":0,"filesRemoved":0,"filesRemovedList":[],"filesUnmatched":0,"filesUpdated":0,"matched":0,"total":0,"unchecked":0,"uncheckedKeysByFile":[],"unmatched":0,"updated":0,"didUpdate":false},"startTime":1770350890369,"success":true,"testResults":[{"assertionResults":[{"ancestorTitles":["LiveStatusContext"],"fullName":"LiveStatusContext renders provider and consumer without crashing","status":"passed","title":"renders provider and consumer without crashing","duration":46.30282299999999,"failureMessages":[],"meta":{}}],"startTime":1770350894085,"endTime":1770350894131.3027,"status":"passed","message":"","name":"/Users/Administrator/Documents/Forevertechllc/ForeverTech/public-catalog/src/context/LiveStatusContext.test.tsx"},{"assertionResults":[{"ancestorTitles":["StudioPage calendar date range"],"fullName":"StudioPage calendar date range shows selected range after choosing start and end dates","status":"passed","title":"shows selected range after choosing start and end dates","duration":525.8931170000005,"failureMessages":[],"meta":{}},{"ancestorTitles":["StudioPage calendar date range"],"fullName":"StudioPage calendar date range allows toggling individual dates when range mode is off","status":"passed","title":"allows toggling individual dates when range mode is off","duration":206.35934300000008,"failureMessages":[],"meta":{}},{"ancestorTitles":["StudioPage calendar date range"],"fullName":"StudioPage calendar date range supports click-based range selection when range mode is on","status":"passed","title":"supports click-based range selection when range mode is on","duration":249.32276300000012,"failureMessages":[],"meta":{}},{"ancestorTitles":["StudioPage calendar date range"],"fullName":"StudioPage calendar date range validates when end date is before start date","status":"passed","title":"validates when end date is before start date","duration":457.9716899999994,"failureMessages":[],"meta":{}},{"ancestorTitles":["StudioPage calendar date range"],"fullName":"StudioPage calendar date range supports same-day range selection","status":"passed","title":"supports same-day range selection","duration":284.950793,"failureMessages":[],"meta":{}},{"ancestorTitles":["StudioPage calendar date range"],"fullName":"StudioPage calendar date range keyboard navigation moves focus between calendar days","status":"passed","title":"keyboard navigation moves focus between calendar days","duration":121.57929700000022,"failureMessages":[],"meta":{}},{"ancestorTitles":["StudioPage calendar date range"],"fullName":"StudioPage calendar date range sets in-range aria-selected for a middle day","status":"passed","title":"sets in-range aria-selected for a middle day","duration":366.11932799999977,"failureMessages":[],"meta":{}}],"startTime":1770350894693,"endTime":1770350896906.1194,"status":"passed","message":"","name":"/Users/Administrator/Documents/Forevertechllc/ForeverTech/public-catalog/src/app/studio/page.test.tsx"},{"assertionResults":[{"ancestorTitles":["contentFactory/image"],"fullName":"contentFactory/image returns correct ratio for instagram","status":"passed","title":"returns correct ratio for instagram","duration":3.2497550000002775,"failureMessages":[],"meta":{}},{"ancestorTitles":["contentFactory/image"],"fullName":"contentFactory/image returns correct ratio for twitter","status":"passed","title":"returns correct ratio for twitter","duration":0.4537350000000515,"failureMessages":[],"meta":{}},{"ancestorTitles":["contentFactory/image"],"fullName":"contentFactory/image falls back to SVG placeholder when OpenAI key missing","status":"passed","title":"falls back to SVG placeholder when OpenAI key missing","duration":0.351104999999734,"failureMessages":[],"meta":{}}],"startTime":1770350893414,"endTime":1770350893418.351,"status":"passed","message":"","name":"/Users/Administrator/Documents/Forevertechllc/ForeverTech/public-catalog/src/lib/contentFactory/image.test.ts"}]}
